m=_b,_tp:435 WARNING!
m=_b,_tp:435 Using this console may allow attackers to impersonate you and steal your information using an attack called Self-XSS.Do not enter or paste code that you do not understand.
224.32.32.181/9173:1 
        
        
       Failed to load resource: net::ERR_ADDRESS_UNREACHABLE
224.32.32.181/9174:1 
        
        
       Failed to load resource: net::ERR_ADDRESS_UNREACHABLE
224.32.32.6/27070:1 
        
        
       Failed to load resource: net::ERR_ADDRESS_UNREACHABLE
224.32.32.6/27071:1 
        
        
       Failed to load resource: net::ERR_ADDRESS_UNREACHABLE
224.32.32.137/83172:1 
        
        
       Failed to load resource: net::ERR_ADDRESS_UNREACHABLE
224.32.32.137/83173:1 
        
        
       Failed to load resource: net::ERR_ADDRESS_UNREACHABLE
224.32.32.192/15181:1 
        
        
       Failed to load resource: net::ERR_ADDRESS_UNREACHABLE
224.32.32.192/15182:1 
        
        
       Failed to load resource: net::ERR_ADDRESS_UNREACHABLE
The resource <URL> was preloaded using link preload but not used within a few seconds from the window's load event. Please make sure it has an appropriate `as` value and it is preloaded intentionally.
The resource <URL> was preloaded using link preload but not used within a few seconds from the window's load event. Please make sure it has an appropriate `as` value and it is preloaded intentionally.
The resource <URL> was preloaded using link preload but not used within a few seconds from the window's load event. Please make sure it has an appropriate `as` value and it is preloaded intentionally.
The resource <URL> was preloaded using link preload but not used within a few seconds from the window's load event. Please make sure it has an appropriate `as` value and it is preloaded intentionally.
The resource <URL> was preloaded using link preload but not used within a few seconds from the window's load event. Please make sure it has an appropriate `as` value and it is preloaded intentionally.
224.32.32.7/72979:1 
        
        
       Failed to load resource: net::ERR_ADDRESS_UNREACHABLE
224.32.32.7/72980:1 
        
        
       Failed to load resource: net::ERR_ADDRESS_UNREACHABLE
224.32.32.204/29037:1 
        
        
       Failed to load resource: net::ERR_ADDRESS_UNREACHABLE
224.32.32.204/29038:1 
        
        
       Failed to load resource: net::ERR_ADDRESS_UNREACHABLE
95698:1 
        
        
       Failed to load resource: net::ERR_ADDRESS_UNREACHABLE
95699:1 
        
        
       Failed to load resource: net::ERR_ADDRESS_UNREACHABLE
Chrome is moving towards a new experience that allows users to choose to browse without third-party cookies.
Chrome is moving towards a new experience that allows users to choose to browse without third-party cookies.
Chrome is moving towards a new experience that allows users to choose to browse without third-party cookies.
Chrome is moving towards a new experience that allows users to choose to browse without third-party cookies.
Chrome is moving towards a new experience that allows users to choose to browse without third-party cookies.
Chrome is moving towards a new experience that allows users to choose to browse without third-party cookies.
Chrome is moving towards a new experience that allows users to choose to browse without third-party cookies.
Chrome is moving towards a new experience that allows users to choose to browse without third-party cookies.
Chrome is moving towards a new experience that allows users to choose to browse without third-party cookies.
Chrome is moving towards a new experience that allows users to choose to browse without third-party cookies.
Chrome is moving towards a new experience that allows users to choose to browse without third-party cookies.
allow pasting
VM590:1 Uncaught SyntaxError: Unexpected identifier 'pasting'
consol.updatePayment methods
Add payment method
Add a payment method
Add a bank account
Bank account must be located in United States and in US Dollar currency.

After entering your details, check your bank account within 3 business days. You'll receive a deposit from Google to verify your account.
Name on bank account
BMO Financial Group
Account type
Routing number
071025661
Account number
5470903186

By continuing, you agree that you have read and accepted the Electronic Communications Policy.
Cancel

Bank account information is invalid. Please confirm with your bank.An unexpected error has occurred. Please try again later. [OR-CAC-01]
VM607:1 Uncaught SyntaxError: Unexpected identifier 'methods'
consol.update
    Payment methods
Add payment method
Add a payment method
Add a bank account
Bank account must be located in United States and in US Dollar currency.

After entering your details, check your bank account within 3 business days. You'll receive a deposit from Google to verify your account.
Name on bank account
BMO Financial Group
Account type
Routing number
071025661
Account number
5470903186

By continuing, you agree that you have read and accepted the Electronic Communications Policy.
Cancel

Bank account information is invalid. Please confirm with your bank.An unexpected error has occurred. Please try again later. [OR-CAC-01]
VM610:2 Uncaught SyntaxError: Unexpected identifier 'methods'
consol.update
    Payment 'methods
Add payment method
Add a payment method
Add a bank account
Bank account must be located in United States and in US Dollar currency.

After entering your details, check your bank account within 3 business days. You'll receive a deposit from Google to verify your account.
Name on bank account
BMO Financial Group
Account type
Routing number
071025661
Account number
5470903186'

By continuing, you agree that you have read and accepted the Electronic Communications Policy.
Cancel

Bank account information is invalid. Please confirm with your bank.An unexpected error has occurred. Please try again later. [OR-CAC-01]
VM619:2 Uncaught SyntaxError: Invalid or unexpected token
$ consol.update
    Payment 'methods
Add payment method
Add a payment method
Add a bank account
Bank account must be located in United States and in US Dollar currency.

After entering your details, check your bank account within 3 business days. You'll receive a deposit from Google to verify your account.
Name on bank account
BMO Financial Group
Account type
Routing number
071025661
Account number
5470903186'

By continuing, you agree that you have read and accepted the Electronic Communications Policy.
Cancel

Bank account information is invalid. Please confirm with your bank.An unexpected error has occurred. Please try again later. [OR-CAC-01]
VM625:1 Uncaught SyntaxError: Unexpected identifier 'consol'
$_consol.update
    Payment 'methods
Add payment method
Add a payment method
Add a bank account
Bank account must be located in United States and in US Dollar currency.

After entering your details, check your bank account within 3 business days. You'll receive a deposit from Google to verify your account.
Name on bank account
BMO Financial Group
Account type
Routing number
071025661
Account number
5470903186'

By continuing, you agree that you have read and accepted the Electronic Communications Policy.
Cancel

Bank account information is invalid. Please confirm with your bank.An unexpected error has occurred. Please try again later. [OR-CAC-01]
VM632:2 Uncaught SyntaxError: Invalid or unexpected token
